Analysis & Synthesis report for morsecode
Fri Dec 09 13:40:53 2022
Quartus II 64-Bit Version 13.0.1 Build 232 06/12/2013 Service Pack 1 SJ Web Edition


---------------------
; Table of Contents ;
---------------------
  1. Legal Notice
  2. Analysis & Synthesis Summary
  3. Analysis & Synthesis Settings
  4. Parallel Compilation
  5. Analysis & Synthesis Source Files Read
  6. Analysis & Synthesis Resource Usage Summary
  7. Analysis & Synthesis Resource Utilization by Entity
  8. User-Specified and Inferred Latches
  9. Registers Removed During Synthesis
 10. General Register Statistics
 11. Inverted Register Statistics
 12. Parameter Settings for User Entity Instance: morsecode_datapath:U0|morsecode_encoder:U2
 13. Elapsed Time Per Partition
 14. Analysis & Synthesis Messages



----------------
; Legal Notice ;
----------------
Copyright (C) 1991-2013 Altera Corporation
Your use of Altera Corporation's design tools, logic functions 
and other software and tools, and its AMPP partner logic 
functions, and any output files from any of the foregoing 
(including device programming or simulation files), and any 
associated documentation or information are expressly subject 
to the terms and conditions of the Altera Program License 
Subscription Agreement, Altera MegaCore Function License 
Agreement, or other applicable license agreement, including, 
without limitation, that your use is for the sole purpose of 
programming logic devices manufactured by Altera and sold by 
Altera or its authorized distributors.  Please refer to the 
applicable agreement for further details.



+--------------------------------------------------------------------------------------+
; Analysis & Synthesis Summary                                                         ;
+------------------------------------+-------------------------------------------------+
; Analysis & Synthesis Status        ; Successful - Fri Dec 09 13:40:53 2022           ;
; Quartus II 64-Bit Version          ; 13.0.1 Build 232 06/12/2013 SP 1 SJ Web Edition ;
; Revision Name                      ; morsecode                                       ;
; Top-level Entity Name              ; morse_code                                      ;
; Family                             ; Cyclone II                                      ;
; Total logic elements               ; 71                                              ;
;     Total combinational functions  ; 71                                              ;
;     Dedicated logic registers      ; 20                                              ;
; Total registers                    ; 20                                              ;
; Total pins                         ; 30                                              ;
; Total virtual pins                 ; 0                                               ;
; Total memory bits                  ; 0                                               ;
; Embedded Multiplier 9-bit elements ; 0                                               ;
; Total PLLs                         ; 0                                               ;
+------------------------------------+-------------------------------------------------+


+----------------------------------------------------------------------------------------------------------------------+
; Analysis & Synthesis Settings                                                                                        ;
+----------------------------------------------------------------------------+--------------------+--------------------+
; Option                                                                     ; Setting            ; Default Value      ;
+----------------------------------------------------------------------------+--------------------+--------------------+
; Device                                                                     ; EP2C35F672C6       ;                    ;
; Top-level entity name                                                      ; morse_code         ; morsecode          ;
; Family name                                                                ; Cyclone II         ; Cyclone IV GX      ;
; Use smart compilation                                                      ; Off                ; Off                ;
; Enable parallel Assembler and TimeQuest Timing Analyzer during compilation ; On                 ; On                 ;
; Enable compact report table                                                ; Off                ; Off                ;
; Restructure Multiplexers                                                   ; Auto               ; Auto               ;
; Create Debugging Nodes for IP Cores                                        ; Off                ; Off                ;
; Preserve fewer node names                                                  ; On                 ; On                 ;
; Disable OpenCore Plus hardware evaluation                                  ; Off                ; Off                ;
; Verilog Version                                                            ; Verilog_2001       ; Verilog_2001       ;
; VHDL Version                                                               ; VHDL_1993          ; VHDL_1993          ;
; State Machine Processing                                                   ; Auto               ; Auto               ;
; Safe State Machine                                                         ; Off                ; Off                ;
; Extract Verilog State Machines                                             ; On                 ; On                 ;
; Extract VHDL State Machines                                                ; On                 ; On                 ;
; Ignore Verilog initial constructs                                          ; Off                ; Off                ;
; Iteration limit for constant Verilog loops                                 ; 5000               ; 5000               ;
; Iteration limit for non-constant Verilog loops                             ; 250                ; 250                ;
; Add Pass-Through Logic to Inferred RAMs                                    ; On                 ; On                 ;
; Infer RAMs from Raw Logic                                                  ; On                 ; On                 ;
; Parallel Synthesis                                                         ; On                 ; On                 ;
; DSP Block Balancing                                                        ; Auto               ; Auto               ;
; NOT Gate Push-Back                                                         ; On                 ; On                 ;
; Power-Up Don't Care                                                        ; On                 ; On                 ;
; Remove Redundant Logic Cells                                               ; Off                ; Off                ;
; Remove Duplicate Registers                                                 ; On                 ; On                 ;
; Ignore CARRY Buffers                                                       ; Off                ; Off                ;
; Ignore CASCADE Buffers                                                     ; Off                ; Off                ;
; Ignore GLOBAL Buffers                                                      ; Off                ; Off                ;
; Ignore ROW GLOBAL Buffers                                                  ; Off                ; Off                ;
; Ignore LCELL Buffers                                                       ; Off                ; Off                ;
; Ignore SOFT Buffers                                                        ; On                 ; On                 ;
; Limit AHDL Integers to 32 Bits                                             ; Off                ; Off                ;
; Optimization Technique                                                     ; Balanced           ; Balanced           ;
; Carry Chain Length                                                         ; 70                 ; 70                 ;
; Auto Carry Chains                                                          ; On                 ; On                 ;
; Auto Open-Drain Pins                                                       ; On                 ; On                 ;
; Perform WYSIWYG Primitive Resynthesis                                      ; Off                ; Off                ;
; Auto ROM Replacement                                                       ; On                 ; On                 ;
; Auto RAM Replacement                                                       ; On                 ; On                 ;
; Auto Shift Register Replacement                                            ; Auto               ; Auto               ;
; Allow Shift Register Merging across Hierarchies                            ; Auto               ; Auto               ;
; Auto Clock Enable Replacement                                              ; On                 ; On                 ;
; Strict RAM Replacement                                                     ; Off                ; Off                ;
; Allow Synchronous Control Signals                                          ; On                 ; On                 ;
; Force Use of Synchronous Clear Signals                                     ; Off                ; Off                ;
; Auto RAM to Logic Cell Conversion                                          ; Off                ; Off                ;
; Auto Resource Sharing                                                      ; Off                ; Off                ;
; Allow Any RAM Size For Recognition                                         ; Off                ; Off                ;
; Allow Any ROM Size For Recognition                                         ; Off                ; Off                ;
; Allow Any Shift Register Size For Recognition                              ; Off                ; Off                ;
; Use LogicLock Constraints during Resource Balancing                        ; On                 ; On                 ;
; Ignore translate_off and synthesis_off directives                          ; Off                ; Off                ;
; Timing-Driven Synthesis                                                    ; Off                ; Off                ;
; Report Parameter Settings                                                  ; On                 ; On                 ;
; Report Source Assignments                                                  ; On                 ; On                 ;
; Report Connectivity Checks                                                 ; On                 ; On                 ;
; Ignore Maximum Fan-Out Assignments                                         ; Off                ; Off                ;
; Synchronization Register Chain Length                                      ; 2                  ; 2                  ;
; PowerPlay Power Optimization                                               ; Normal compilation ; Normal compilation ;
; HDL message level                                                          ; Level2             ; Level2             ;
; Suppress Register Optimization Related Messages                            ; Off                ; Off                ;
; Number of Removed Registers Reported in Synthesis Report                   ; 5000               ; 5000               ;
; Number of Swept Nodes Reported in Synthesis Report                         ; 5000               ; 5000               ;
; Number of Inverted Registers Reported in Synthesis Report                  ; 100                ; 100                ;
; Clock MUX Protection                                                       ; On                 ; On                 ;
; Auto Gated Clock Conversion                                                ; Off                ; Off                ;
; Block Design Naming                                                        ; Auto               ; Auto               ;
; SDC constraint protection                                                  ; Off                ; Off                ;
; Synthesis Effort                                                           ; Auto               ; Auto               ;
; Shift Register Replacement - Allow Asynchronous Clear Signal               ; On                 ; On                 ;
; Pre-Mapping Resynthesis Optimization                                       ; Off                ; Off                ;
; Analysis & Synthesis Message Level                                         ; Medium             ; Medium             ;
; Disable Register Merging Across Hierarchies                                ; Auto               ; Auto               ;
; Resource Aware Inference For Block RAM                                     ; On                 ; On                 ;
; Synthesis Seed                                                             ; 1                  ; 1                  ;
+----------------------------------------------------------------------------+--------------------+--------------------+


Parallel compilation was disabled, but you have multiple processors available. Enable parallel compilation to reduce compilation time.
+-------------------------------------+
; Parallel Compilation                ;
+----------------------------+--------+
; Processors                 ; Number ;
+----------------------------+--------+
; Number detected on machine ; 12     ;
; Maximum allowed            ; 1      ;
+----------------------------+--------+


+-------------------------------------------------------------------------------------------------------------------------------------------------------------------------------------------------------------------------------------+
; Analysis & Synthesis Source Files Read                                                                                                                                                                                              ;
+----------------------------------+-----------------+------------------------+---------------------------------------------------------------------------------------------------------------------------------------------+---------+
; File Name with User-Entered Path ; Used in Netlist ; File Type              ; File Name with Absolute Path                                                                                                                ; Library ;
+----------------------------------+-----------------+------------------------+---------------------------------------------------------------------------------------------------------------------------------------------+---------+
; morsecode_shiftregister.v        ; yes             ; User Verilog HDL File  ; E:/Hoc tap/HK1 Thirdyear (2022-2023)/TKHTS-HDL-CE213/PROJECTS/Report_LABS/06-FINITE_STATE_MACHINE_LAB4/morse_code/morsecode_shiftregister.v ;         ;
; morsecode_lengthcounter.v        ; yes             ; User Verilog HDL File  ; E:/Hoc tap/HK1 Thirdyear (2022-2023)/TKHTS-HDL-CE213/PROJECTS/Report_LABS/06-FINITE_STATE_MACHINE_LAB4/morse_code/morsecode_lengthcounter.v ;         ;
; morsecode_encoder.v              ; yes             ; User Verilog HDL File  ; E:/Hoc tap/HK1 Thirdyear (2022-2023)/TKHTS-HDL-CE213/PROJECTS/Report_LABS/06-FINITE_STATE_MACHINE_LAB4/morse_code/morsecode_encoder.v       ;         ;
; FSM.v                            ; yes             ; User Verilog HDL File  ; E:/Hoc tap/HK1 Thirdyear (2022-2023)/TKHTS-HDL-CE213/PROJECTS/Report_LABS/06-FINITE_STATE_MACHINE_LAB4/morse_code/FSM.v                     ;         ;
; morse_code.v                     ; yes             ; User Verilog HDL File  ; E:/Hoc tap/HK1 Thirdyear (2022-2023)/TKHTS-HDL-CE213/PROJECTS/Report_LABS/06-FINITE_STATE_MACHINE_LAB4/morse_code/morse_code.v              ;         ;
; morsecode_datapath.v             ; yes             ; User Verilog HDL File  ; E:/Hoc tap/HK1 Thirdyear (2022-2023)/TKHTS-HDL-CE213/PROJECTS/Report_LABS/06-FINITE_STATE_MACHINE_LAB4/morse_code/morsecode_datapath.v      ;         ;
+----------------------------------+-----------------+------------------------+---------------------------------------------------------------------------------------------------------------------------------------------+---------+


+------------------------------------------------------------------+
; Analysis & Synthesis Resource Usage Summary                      ;
+---------------------------------------------+--------------------+
; Resource                                    ; Usage              ;
+---------------------------------------------+--------------------+
; Estimated Total logic elements              ; 71                 ;
;                                             ;                    ;
; Total combinational functions               ; 71                 ;
; Logic element usage by number of LUT inputs ;                    ;
;     -- 4 input functions                    ; 31                 ;
;     -- 3 input functions                    ; 20                 ;
;     -- <=2 input functions                  ; 20                 ;
;                                             ;                    ;
; Logic elements by mode                      ;                    ;
;     -- normal mode                          ; 71                 ;
;     -- arithmetic mode                      ; 0                  ;
;                                             ;                    ;
; Total registers                             ; 20                 ;
;     -- Dedicated logic registers            ; 20                 ;
;     -- I/O registers                        ; 0                  ;
;                                             ;                    ;
; I/O pins                                    ; 30                 ;
; Embedded Multiplier 9-bit elements          ; 0                  ;
; Maximum fan-out node                        ; FSM:U1|ctrl_enable ;
; Maximum fan-out                             ; 39                 ;
; Total fan-out                               ; 304                ;
; Average fan-out                             ; 2.51               ;
+---------------------------------------------+--------------------+


+------------------------------------------------------------------------------------------------------------------------------------------------------------------------------------------------------------------------------+
; Analysis & Synthesis Resource Utilization by Entity                                                                                                                                                                          ;
+------------------------------------+-------------------+--------------+-------------+--------------+---------+-----------+------+--------------+--------------------------------------------------------------+--------------+
; Compilation Hierarchy Node         ; LC Combinationals ; LC Registers ; Memory Bits ; DSP Elements ; DSP 9x9 ; DSP 18x18 ; Pins ; Virtual Pins ; Full Hierarchy Name                                          ; Library Name ;
+------------------------------------+-------------------+--------------+-------------+--------------+---------+-----------+------+--------------+--------------------------------------------------------------+--------------+
; |morse_code                        ; 71 (0)            ; 20 (0)       ; 0           ; 0            ; 0       ; 0         ; 30   ; 0            ; |morse_code                                                  ; work         ;
;    |FSM:U1|                        ; 27 (27)           ; 4 (4)        ; 0           ; 0            ; 0       ; 0         ; 0    ; 0            ; |morse_code|FSM:U1                                           ; work         ;
;    |morsecode_datapath:U0|         ; 44 (0)            ; 16 (0)       ; 0           ; 0            ; 0       ; 0         ; 0    ; 0            ; |morse_code|morsecode_datapath:U0                            ; work         ;
;       |morsecode_encoder:U2|       ; 9 (9)             ; 0 (0)        ; 0           ; 0            ; 0       ; 0         ; 0    ; 0            ; |morse_code|morsecode_datapath:U0|morsecode_encoder:U2       ; work         ;
;       |morsecode_lengthcounter:U0| ; 10 (10)           ; 4 (4)        ; 0           ; 0            ; 0       ; 0         ; 0    ; 0            ; |morse_code|morsecode_datapath:U0|morsecode_lengthcounter:U0 ; work         ;
;       |morsecode_shiftregister:U1| ; 25 (25)           ; 12 (12)      ; 0           ; 0            ; 0       ; 0         ; 0    ; 0            ; |morse_code|morsecode_datapath:U0|morsecode_shiftregister:U1 ; work         ;
+------------------------------------+-------------------+--------------+-------------+--------------+---------+-----------+------+--------------+--------------------------------------------------------------+--------------+
Note: For table entries with two numbers listed, the numbers in parentheses indicate the number of resources of the given type used by the specific entity alone. The numbers listed outside of parentheses indicate the total resources of the given type used by the specific entity and all of its sub-entities in the hierarchy.


+---------------------------------------------------------------------------------------------------+
; User-Specified and Inferred Latches                                                               ;
+----------------------------------------------------+---------------------+------------------------+
; Latch Name                                         ; Latch Enable Signal ; Free of Timing Hazards ;
+----------------------------------------------------+---------------------+------------------------+
; FSM:U1|ctrl_enable                                 ; FSM:U1|WideOr0      ; yes                    ;
; FSM:U1|next_state[0]                               ; FSM:U1|Mux4         ; yes                    ;
; FSM:U1|next_state[1]                               ; FSM:U1|Mux4         ; yes                    ;
; FSM:U1|next_state[2]                               ; FSM:U1|Mux4         ; yes                    ;
; FSM:U1|next_state[3]                               ; FSM:U1|Mux4         ; yes                    ;
; Number of user-specified and inferred latches = 5  ;                     ;                        ;
+----------------------------------------------------+---------------------+------------------------+
Note: All latches listed above may not be present at the end of synthesis due to various synthesis optimizations.


+------------------------------------------------------------------------------------------------------------+
; Registers Removed During Synthesis                                                                         ;
+-------------------------------------------------------------------+----------------------------------------+
; Register name                                                     ; Reason for Removal                     ;
+-------------------------------------------------------------------+----------------------------------------+
; morsecode_datapath:U0|morsecode_shiftregister:U1|shiftreg_out[12] ; Stuck at GND due to stuck port data_in ;
; Total Number of Removed Registers = 1                             ;                                        ;
+-------------------------------------------------------------------+----------------------------------------+


+------------------------------------------------------+
; General Register Statistics                          ;
+----------------------------------------------+-------+
; Statistic                                    ; Value ;
+----------------------------------------------+-------+
; Total registers                              ; 20    ;
; Number of registers using Synchronous Clear  ; 0     ;
; Number of registers using Synchronous Load   ; 0     ;
; Number of registers using Asynchronous Clear ; 20    ;
; Number of registers using Asynchronous Load  ; 0     ;
; Number of registers using Clock Enable       ; 0     ;
; Number of registers using Preset             ; 0     ;
+----------------------------------------------+-------+


+----------------------------------------------------------------------------+
; Inverted Register Statistics                                               ;
+------------------------------------------------------------------+---------+
; Inverted Register                                                ; Fan out ;
+------------------------------------------------------------------+---------+
; morsecode_datapath:U0|morsecode_lengthcounter:U0|q_out[0]        ; 6       ;
; morsecode_datapath:U0|morsecode_shiftregister:U1|shiftreg_out[1] ; 3       ;
; Total number of inverted registers = 2                           ;         ;
+------------------------------------------------------------------+---------+


+-----------------------------------------------------------------------------------------+
; Parameter Settings for User Entity Instance: morsecode_datapath:U0|morsecode_encoder:U2 ;
+----------------+-------+----------------------------------------------------------------+
; Parameter Name ; Value ; Type                                                           ;
+----------------+-------+----------------------------------------------------------------+
; A              ; 000   ; Unsigned Binary                                                ;
; B              ; 001   ; Unsigned Binary                                                ;
; C              ; 010   ; Unsigned Binary                                                ;
; D              ; 011   ; Unsigned Binary                                                ;
; E              ; 100   ; Unsigned Binary                                                ;
; F              ; 101   ; Unsigned Binary                                                ;
; G              ; 110   ; Unsigned Binary                                                ;
; H              ; 111   ; Unsigned Binary                                                ;
+----------------+-------+----------------------------------------------------------------+
Note: In order to hide this table in the UI and the text report file, please set the "Show Parameter Settings in Synthesis Report" option in "Analysis and Synthesis Settings -> More Settings" to "Off".


+-------------------------------+
; Elapsed Time Per Partition    ;
+----------------+--------------+
; Partition Name ; Elapsed Time ;
+----------------+--------------+
; Top            ; 00:00:00     ;
+----------------+--------------+


+-------------------------------+
; Analysis & Synthesis Messages ;
+-------------------------------+
Info: *******************************************************************
Info: Running Quartus II 64-Bit Analysis & Synthesis
    Info: Version 13.0.1 Build 232 06/12/2013 Service Pack 1 SJ Web Edition
    Info: Processing started: Fri Dec 09 13:40:51 2022
Info: Command: quartus_map --read_settings_files=on --write_settings_files=off morsecode -c morsecode
Warning (20028): Parallel compilation is not licensed and has been disabled
Info (12021): Found 1 design units, including 1 entities, in source file morsecode_shiftregister.v
    Info (12023): Found entity 1: morsecode_shiftregister
Info (12021): Found 1 design units, including 1 entities, in source file morsecode_lengthcounter.v
    Info (12023): Found entity 1: morsecode_lengthcounter
Info (12021): Found 1 design units, including 1 entities, in source file morsecode_encoder.v
    Info (12023): Found entity 1: morsecode_encoder
Info (12021): Found 1 design units, including 1 entities, in source file fsm.v
    Info (12023): Found entity 1: FSM
Info (12021): Found 1 design units, including 1 entities, in source file morse_code.v
    Info (12023): Found entity 1: morse_code
Info (12021): Found 1 design units, including 1 entities, in source file test.v
    Info (12023): Found entity 1: test
Info (12021): Found 1 design units, including 1 entities, in source file morsecode_datapath.v
    Info (12023): Found entity 1: morsecode_datapath
Info (12127): Elaborating entity "morse_code" for the top level hierarchy
Info (12128): Elaborating entity "morsecode_datapath" for hierarchy "morsecode_datapath:U0"
Info (12128): Elaborating entity "morsecode_lengthcounter" for hierarchy "morsecode_datapath:U0|morsecode_lengthcounter:U0"
Warning (10230): Verilog HDL assignment warning at morsecode_lengthcounter.v(16): truncated value with size 32 to match size of target (4)
Info (12128): Elaborating entity "morsecode_shiftregister" for hierarchy "morsecode_datapath:U0|morsecode_shiftregister:U1"
Info (12128): Elaborating entity "morsecode_encoder" for hierarchy "morsecode_datapath:U0|morsecode_encoder:U2"
Info (12128): Elaborating entity "FSM" for hierarchy "FSM:U1"
Warning (10235): Verilog HDL Always Construct warning at FSM.v(40): variable "start" is read inside the Always Construct but isn't in the Always Construct's Event Control
Warning (10240): Verilog HDL Always Construct warning at FSM.v(35): inferring latch(es) for variable "next_state", which holds its previous value in one or more paths through the always construct
Warning (10235): Verilog HDL Always Construct warning at FSM.v(208): variable "lastbit" is read inside the Always Construct but isn't in the Always Construct's Event Control
Warning (10235): Verilog HDL Always Construct warning at FSM.v(214): variable "lastbit" is read inside the Always Construct but isn't in the Always Construct's Event Control
Warning (10235): Verilog HDL Always Construct warning at FSM.v(220): variable "lastbit" is read inside the Always Construct but isn't in the Always Construct's Event Control
Warning (10235): Verilog HDL Always Construct warning at FSM.v(226): variable "lastbit" is read inside the Always Construct but isn't in the Always Construct's Event Control
Warning (10235): Verilog HDL Always Construct warning at FSM.v(232): variable "lastbit" is read inside the Always Construct but isn't in the Always Construct's Event Control
Warning (10235): Verilog HDL Always Construct warning at FSM.v(238): variable "lastbit" is read inside the Always Construct but isn't in the Always Construct's Event Control
Warning (10235): Verilog HDL Always Construct warning at FSM.v(244): variable "lastbit" is read inside the Always Construct but isn't in the Always Construct's Event Control
Warning (10235): Verilog HDL Always Construct warning at FSM.v(250): variable "lastbit" is read inside the Always Construct but isn't in the Always Construct's Event Control
Warning (10235): Verilog HDL Always Construct warning at FSM.v(256): variable "lastbit" is read inside the Always Construct but isn't in the Always Construct's Event Control
Warning (10235): Verilog HDL Always Construct warning at FSM.v(262): variable "lastbit" is read inside the Always Construct but isn't in the Always Construct's Event Control
Warning (10235): Verilog HDL Always Construct warning at FSM.v(268): variable "lastbit" is read inside the Always Construct but isn't in the Always Construct's Event Control
Warning (10235): Verilog HDL Always Construct warning at FSM.v(274): variable "lastbit" is read inside the Always Construct but isn't in the Always Construct's Event Control
Warning (10270): Verilog HDL Case Statement warning at FSM.v(199): incomplete case statement has no default case item
Warning (10240): Verilog HDL Always Construct warning at FSM.v(195): inferring latch(es) for variable "ctrl_enable", which holds its previous value in one or more paths through the always construct
Info (10041): Inferred latch for "ctrl_enable" at FSM.v(195)
Info (10041): Inferred latch for "next_state[0]" at FSM.v(35)
Info (10041): Inferred latch for "next_state[1]" at FSM.v(35)
Info (10041): Inferred latch for "next_state[2]" at FSM.v(35)
Info (10041): Inferred latch for "next_state[3]" at FSM.v(35)
Warning (13012): Latch FSM:U1|ctrl_enable has unsafe behavior
    Warning (13013): Ports D and ENA on the latch are fed by the same signal FSM:U1|state[3]
Warning (13012): Latch FSM:U1|next_state[0] has unsafe behavior
    Warning (13013): Ports D and ENA on the latch are fed by the same signal FSM:U1|state[0]
Warning (13012): Latch FSM:U1|next_state[1] has unsafe behavior
    Warning (13013): Ports D and ENA on the latch are fed by the same signal FSM:U1|state[1]
Warning (13012): Latch FSM:U1|next_state[2] has unsafe behavior
    Warning (13013): Ports D and ENA on the latch are fed by the same signal FSM:U1|state[2]
Warning (13012): Latch FSM:U1|next_state[3] has unsafe behavior
    Warning (13013): Ports D and ENA on the latch are fed by the same signal FSM:U1|state[3]
Info (13000): Registers with preset signals will power-up high
Info (13003): DEV_CLRn pin will set, and not reset, register with preset signal due to NOT Gate Push-Back
Warning (13004): Presettable and clearable registers converted to equivalent circuits with latches. Registers power-up to an undefined state, and DEVCLRn places the registers in an undefined state.
    Warning (13310): Register "morsecode_datapath:U0|morsecode_lengthcounter:U0|q_out[1]" is converted into an equivalent circuit using register "morsecode_datapath:U0|morsecode_lengthcounter:U0|q_out[1]~_emulated" and latch "morsecode_datapath:U0|morsecode_lengthcounter:U0|q_out[1]~1"
    Warning (13310): Register "morsecode_datapath:U0|morsecode_lengthcounter:U0|q_out[2]" is converted into an equivalent circuit using register "morsecode_datapath:U0|morsecode_lengthcounter:U0|q_out[2]~_emulated" and latch "morsecode_datapath:U0|morsecode_lengthcounter:U0|q_out[2]~5"
    Warning (13310): Register "morsecode_datapath:U0|morsecode_lengthcounter:U0|q_out[3]" is converted into an equivalent circuit using register "morsecode_datapath:U0|morsecode_lengthcounter:U0|q_out[3]~_emulated" and latch "morsecode_datapath:U0|morsecode_lengthcounter:U0|q_out[3]~9"
    Warning (13310): Register "morsecode_datapath:U0|morsecode_shiftregister:U1|shiftreg_out[2]" is converted into an equivalent circuit using register "morsecode_datapath:U0|morsecode_shiftregister:U1|shiftreg_out[2]~_emulated" and latch "morsecode_datapath:U0|morsecode_shiftregister:U1|shiftreg_out[2]~1"
    Warning (13310): Register "morsecode_datapath:U0|morsecode_shiftregister:U1|shiftreg_out[3]" is converted into an equivalent circuit using register "morsecode_datapath:U0|morsecode_shiftregister:U1|shiftreg_out[3]~_emulated" and latch "morsecode_datapath:U0|morsecode_shiftregister:U1|shiftreg_out[3]~5"
    Warning (13310): Register "morsecode_datapath:U0|morsecode_shiftregister:U1|shiftreg_out[4]" is converted into an equivalent circuit using register "morsecode_datapath:U0|morsecode_shiftregister:U1|shiftreg_out[4]~_emulated" and latch "morsecode_datapath:U0|morsecode_shiftregister:U1|shiftreg_out[4]~9"
    Warning (13310): Register "morsecode_datapath:U0|morsecode_shiftregister:U1|shiftreg_out[5]" is converted into an equivalent circuit using register "morsecode_datapath:U0|morsecode_shiftregister:U1|shiftreg_out[5]~_emulated" and latch "morsecode_datapath:U0|morsecode_shiftregister:U1|shiftreg_out[3]~5"
    Warning (13310): Register "morsecode_datapath:U0|morsecode_shiftregister:U1|shiftreg_out[6]" is converted into an equivalent circuit using register "morsecode_datapath:U0|morsecode_shiftregister:U1|shiftreg_out[6]~_emulated" and latch "morsecode_datapath:U0|morsecode_shiftregister:U1|shiftreg_out[6]~15"
    Warning (13310): Register "morsecode_datapath:U0|morsecode_shiftregister:U1|shiftreg_out[7]" is converted into an equivalent circuit using register "morsecode_datapath:U0|morsecode_shiftregister:U1|shiftreg_out[7]~_emulated" and latch "morsecode_datapath:U0|morsecode_lengthcounter:U0|q_out[3]~9"
    Warning (13310): Register "morsecode_datapath:U0|morsecode_shiftregister:U1|shiftreg_out[8]" is converted into an equivalent circuit using register "morsecode_datapath:U0|morsecode_shiftregister:U1|shiftreg_out[8]~_emulated" and latch "morsecode_datapath:U0|morsecode_shiftregister:U1|shiftreg_out[8]~21"
    Warning (13310): Register "morsecode_datapath:U0|morsecode_shiftregister:U1|shiftreg_out[9]" is converted into an equivalent circuit using register "morsecode_datapath:U0|morsecode_shiftregister:U1|shiftreg_out[9]~_emulated" and latch "morsecode_datapath:U0|morsecode_shiftregister:U1|shiftreg_out[9]~25"
    Warning (13310): Register "morsecode_datapath:U0|morsecode_shiftregister:U1|shiftreg_out[11]" is converted into an equivalent circuit using register "morsecode_datapath:U0|morsecode_shiftregister:U1|shiftreg_out[11]~_emulated" and latch "morsecode_datapath:U0|morsecode_shiftregister:U1|shiftreg_out[8]~21"
Warning (13024): Output pins are stuck at VCC or GND
    Warning (13410): Pin "morsecode_shiftreg[12]" is stuck at GND
Info (16010): Generating hard_block partition "hard_block:auto_generated_inst"
    Info (16011): Adding 0 node(s), including 0 DDIO, 0 PLL, 0 transceiver and 0 LCELL
Info (21057): Implemented 107 device resources after synthesis - the final resource count might be different
    Info (21058): Implemented 6 input pins
    Info (21059): Implemented 24 output pins
    Info (21061): Implemented 77 logic cells
Info: Quartus II 64-Bit Analysis & Synthesis was successful. 0 errors, 43 warnings
    Info: Peak virtual memory: 4595 megabytes
    Info: Processing ended: Fri Dec 09 13:40:53 2022
    Info: Elapsed time: 00:00:02
    Info: Total CPU time (on all processors): 00:00:01


